0 info it worked if it ends with ok
1 verbose cli [ 'C:\\Program Files\\nodejs\\node.exe',
1 verbose cli   'C:\\Users\\danlu\\AppData\\Roaming\\npm\\node_modules\\npm\\bin\\npm-cli.js',
1 verbose cli   'start' ]
2 info using npm@3.9.2
3 info using node@v8.9.2
4 verbose run-script [ 'prestart', 'start', 'poststart' ]
5 info lifecycle softapp@0.0.0~prestart: softapp@0.0.0
6 silly lifecycle softapp@0.0.0~prestart: no script for prestart, continuing
7 info lifecycle softapp@0.0.0~start: softapp@0.0.0
8 verbose lifecycle softapp@0.0.0~start: unsafe-perm in lifecycle true
9 verbose lifecycle softapp@0.0.0~start: PATH: C:\Users\danlu\AppData\Roaming\npm\node_modules\npm\bin\node-gyp-bin;F:\work\softapp\node_modules\.bin;C:\Program Files\nodejs;C:\Users\danlu\bin;C:\Program Files (x86)\Git\mingw32\bin;C:\Program Files (x86)\Git\usr\local\bin;C:\Program Files (x86)\Git\usr\bin;C:\Program Files (x86)\Git\usr\bin;C:\Program Files (x86)\Git\mingw32\bin;C:\Program Files (x86)\Git\usr\bin;C:\Users\danlu\bin;C:\Program Files (x86)\Intel\iCLS Client;C:\Program Files\Intel\iCLS Client;C:\Windows\system32;C:\Windows;C:\Windows\System32\Wbem;C:\Windows\System32\WindowsPowerShell\v1.0;C:\Program Files\Intel\Intel(R) Management Engine Components\DAL;C:\Program Files\Intel\Intel(R) Management Engine Components\IPT;C:\Program Files (x86)\Intel\Intel(R) Management Engine Components\DAL;C:\Program Files (x86)\Intel\Intel(R) Management Engine Components\IPT;C:\Program Files (x86)\NVIDIA Corporation\PhysX\Common;E:\Program Files\TortoiseSVN\bin;C:\Program Files\TortoiseGit\bin;F:\work\dlcms\server\config;E:\javaevn\apache-maven-3.3.9\bin;E:\Program Files\Java\jdk1.7.0_79\bin;E:\Program Files\Java\jdk1.7.0_79\jre\bin;E:\phpStudy\php52\ext;E:\phpStudy\php52;C:\Program Files\nodejs;C:\Program Files\MongoDB\Server\3.4\bin;C:\Program Files (x86)\Microsoft VS Code\bin;C:\Users\danlu\AppData\Roaming\npm;C:\Program Files (x86)\Git\usr\bin\vendor_perl;C:\Program Files (x86)\Git\usr\bin\core_perl
10 verbose lifecycle softapp@0.0.0~start: CWD: F:\work\softapp
11 silly lifecycle softapp@0.0.0~start: Args: [ '/d /s /c', 'node ./bin/www' ]
12 silly lifecycle softapp@0.0.0~start: Returned: code: 1  signal: null
13 info lifecycle softapp@0.0.0~start: Failed to exec start script
14 verbose stack Error: softapp@0.0.0 start: `node ./bin/www`
14 verbose stack Exit status 1
14 verbose stack     at EventEmitter.<anonymous> (C:\Users\danlu\AppData\Roaming\npm\node_modules\npm\lib\utils\lifecycle.js:245:16)
14 verbose stack     at emitTwo (events.js:126:13)
14 verbose stack     at EventEmitter.emit (events.js:214:7)
14 verbose stack     at ChildProcess.<anonymous> (C:\Users\danlu\AppData\Roaming\npm\node_modules\npm\lib\utils\spawn.js:24:14)
14 verbose stack     at emitTwo (events.js:126:13)
14 verbose stack     at ChildProcess.emit (events.js:214:7)
14 verbose stack     at maybeClose (internal/child_process.js:925:16)
14 verbose stack     at Process.ChildProcess._handle.onexit (internal/child_process.js:209:5)
15 verbose pkgid softapp@0.0.0
16 verbose cwd F:\work\softapp
17 error Windows_NT 6.1.7601
18 error argv "C:\\Program Files\\nodejs\\node.exe" "C:\\Users\\danlu\\AppData\\Roaming\\npm\\node_modules\\npm\\bin\\npm-cli.js" "start"
19 error node v8.9.2
20 error npm  v3.9.2
21 error code ELIFECYCLE
22 error softapp@0.0.0 start: `node ./bin/www`
22 error Exit status 1
23 error Failed at the softapp@0.0.0 start script 'node ./bin/www'.
23 error Make sure you have the latest version of node.js and npm installed.
23 error If you do, this is most likely a problem with the softapp package,
23 error not with npm itself.
23 error Tell the author that this fails on your system:
23 error     node ./bin/www
23 error You can get information on how to open an issue for this project with:
23 error     npm bugs softapp
23 error Or if that isn't available, you can get their info via:
23 error     npm owner ls softapp
23 error There is likely additional logging output above.
24 verbose exit [ 1, true ]
